<?xml version="1.0" encoding="UTF-8"?>
<testsuite xmlns:xsi="http://www.w3.org/2001/XMLSchema-instance" xsi:noNamespaceSchemaLocation="https://maven.apache.org/surefire/maven-surefire-plugin/xsd/surefire-test-report-3.0.xsd" version="3.0" name="ca.mcmaster.se2aa4.mazerunner.PathTest" time="0.417" tests="6" errors="0" skipped="0" failures="0">
  <properties>
[...]
</properties>
  <testcase name="adjacencyListTest" classname="ca.mcmaster.se2aa4.mazerunner.PathTest" time="0.398">
    <system-out><![CDATA[0: []
1: [0, 4, 2]
2: []
3: [0, 6, 4]
4: []
5: [2, 4, 8]
6: []
7: [4, 6, 8]
8: []
]]></system-out>
  </testcase>
  <testcase name="queueTest" classname="ca.mcmaster.se2aa4.mazerunner.PathTest" time="0.001">
    <system-out><![CDATA[[Jackson, Darren, Chloe]
]]></system-out>
  </testcase>
  <testcase name="expandedPath" classname="ca.mcmaster.se2aa4.mazerunner.PathTest" time="0.002"/>
  <testcase name="getFactorizedForm" classname="ca.mcmaster.se2aa4.mazerunner.PathTest" time="0.001"/>
  <testcase name="getCanonicalForm" classname="ca.mcmaster.se2aa4.mazerunner.PathTest" time="0.001"/>
  <testcase name="expandedPath2" classname="ca.mcmaster.se2aa4.mazerunner.PathTest" time="0.0"/>
</testsuite>